<?xml version="1.0" encoding="UTF-8"?>
<!-- Generated by org.testng.reporters.JUnitXMLReporter -->
<testsuite hostname="LAPTOP-IVSE7IHH" name="Default test" tests="3" failures="0" timestamp="27 Dec 2018 08:28:43 GMT" time="182.626" errors="0">
  <testcase name="clickFreeRadioBtn" time="18.024" classname="upload_advertisment_testcases.AdDetailsTest"/>
  <testcase name="clickFreeRadioBtn" time="46.554" classname="upload_advertisment_testcases.AdDetailsTest"/>
  <testcase name="clickFreeRadioBtn" time="21.51" classname="upload_advertisment_testcases.AdDetailsTest"/>
</testsuite> <!-- Default test -->
