<?xml version="1.0" encoding="UTF-8"?>
<!-- Generated by org.testng.reporters.JUnitXMLReporter -->
<testsuite hostname="LAPTOP-IVSE7IHH" name="Default test" tests="3" failures="0" timestamp="27 Dec 2018 03:41:59 GMT" time="450.436" errors="0">
  <testcase name="clickFreeRadioBtn" time="64.588" classname="upload_advertisment_testcases.AdDetailsTest"/>
  <testcase name="clickFreeRadioBtn" time="100.452" classname="upload_advertisment_testcases.AdDetailsTest"/>
  <testcase name="clickFreeRadioBtn" time="73.113" classname="upload_advertisment_testcases.AdDetailsTest"/>
</testsuite> <!-- Default test -->
