<?xml version="1.0" encoding="UTF-8"?>
<!-- Generated by org.testng.reporters.JUnitXMLReporter -->
<testsuite hostname="LAPTOP-IVSE7IHH" name="Test" tests="6" failures="0" timestamp="15 Dec 2018 05:42:46 GMT" time="195.613" errors="0">
  <testcase name="clickSignInBtn" time="1.733" classname="upload_advertisment_testcases.CheckLogInTest"/>
  <testcase name="checkUserName" time="6.779" classname="upload_advertisment_testcases.UserHomePageTest"/>
  <testcase name="clickClasses" time="55.255" classname="upload_advertisment_testcases.UserHomePageTest"/>
  <testcase name="checkLogInPageTitle" time="0.012" classname="upload_advertisment_testcases.LogInPageTest"/>
  <testcase name="logInCredentials" time="0.699" classname="upload_advertisment_testcases.LogInPageTest"/>
  <testcase name="openAdDetails" time="6.179" classname="upload_advertisment_testcases.CAndLTest"/>
</testsuite> <!-- Test -->
