<?xml version="1.0" encoding="UTF-8"?>
<testng-results skipped="0" failed="0" total="3" passed="3">
  <reporter-output>
  </reporter-output>
  <suite name="Default suite" duration-ms="182626" started-at="2018-12-27T08:25:40Z" finished-at="2018-12-27T08:28:43Z">
    <groups>
    </groups>
    <test name="Default test" duration-ms="182626" started-at="2018-12-27T08:25:40Z" finished-at="2018-12-27T08:28:43Z">
      <class name="upload_advertisment_testcases.AdDetailsTest">
        <test-method status="PASS" signature="setUp()[pri:0, instance:upload_advertisment_testcases.AdDetailsTest@2a5ca609]" name="setUp" is-config="true" duration-ms="29180" started-at="2018-12-27T03:25:41Z" finished-at="2018-12-27T03:26:10Z">
          <reporter-output>
          </reporter-output>
        </test-method> <!-- setUp -->
        <test-method status="PASS" signature="clickFreeRadioBtn(java.lang.String, java.lang.String, java.lang.String)[pri:0, instance:upload_advertisment_testcases.AdDetailsTest@2a5ca609]" name="clickFreeRadioBtn" duration-ms="18024" started-at="2018-12-27T03:26:10Z" data-provider="fillFields" finished-at="2018-12-27T03:26:28Z">
          <params>
            <param index="0">
              <value>
                <![CDATA[Start Your IT Career as QA Automation Engineer ]]>
              </value>
            </param>
            <param index="1">
              <value>
                <![CDATA[**** No IT Background required, start your first job in IT*** 
**** Specialized for College/University grads *****

<-- EARN 70-90 K as QA Automation Developer --> 
<-- We refund your fees if you are not satisfied with quality of program anytime in first month -->

WHY THIS PROGRAM 
We are not programming teachers, we are actual developers with deep dive knowledge of domain while working in industry. Since IT is one of the fastest growing careers in today’s economy.
PRAGRA programs were designed to help learners develop the skills and professional network needed to capitalize on the demand for 182,000 ICT workers in Canada by 2019, with ICTC predicting
that the most in-demand roles will include computer programmers, QA Automation Developer, database analysts and web developers.

FEATURES 
Java Programming, Maven, TestNG, Selenium, Web Services (SOAP UI, WSDL, Rest Services, Groovy), Git, CI/CD, Cloud Services (AWS, Docker, Kubernetes), MySQL Queries and Databases, Putty,
SOAPUI, POSTMAN and More

BENEFITS 
Benefit from a wide range of career services to position you for success through graduation and beyond. Part Time Study, weekend in person + weekday online classes, while maintaining 
your work schedule. 

CAREER SERVICES 
Co-Op Trainings and Certification, Resume Creation, Professional refernces TD, RBC, Rogers, BMO, GAP, Bell, Telus etc and highlighting your skills. Creation of portfolio of developer/QA automation developer 
to showcase your knowledge. One to One assistance for interview preparations. 

**The material covered in this program is subject to change due to market demand. 

RESULTS 
Other people success story is never a guarantee of your success. The results you achieve are in direct proportion to efforts we apply together everyday. Transform Career, Transform Life. 

Link: https://pragra.co/learning/automation 

INFO: This program is offered by highly qualified consultants of PRAGRA: https://www.pragra.co, 

Contact the team for detailed curriculum at: (647)-343-5453, training@pragra.co 

Other Programs with us: Machine Learning BigData, Microsoft Azure, AWS Solutions, Selenium, Automation Testing, DWH, DevOps, System Admin, Agile Business Analyst, QA, Scrum Master etc.

Keywords: IT Jobs, Jobs, IT trainings, IT Training, Computer training Programs, Free programs, Free training , Free Learning, Selenium, Automation QA Testing Training Automation Training 

TRANSFORM CAREER TRANSFORM LIFE]]>
              </value>
            </param>
            <param index="2">
              <value>
                <![CDATA[ L5M]]>
              </value>
            </param>
          </params>
          <reporter-output>
          </reporter-output>
        </test-method> <!-- clickFreeRadioBtn -->
        <test-method status="PASS" signature="setUp()[pri:0, instance:upload_advertisment_testcases.AdDetailsTest@2a5ca609]" name="setUp" is-config="true" duration-ms="20844" started-at="2018-12-27T03:26:28Z" finished-at="2018-12-27T03:26:49Z">
          <reporter-output>
          </reporter-output>
        </test-method> <!-- setUp -->
        <test-method status="PASS" signature="clickFreeRadioBtn(java.lang.String, java.lang.String, java.lang.String)[pri:0, instance:upload_advertisment_testcases.AdDetailsTest@2a5ca609]" name="clickFreeRadioBtn" duration-ms="46554" started-at="2018-12-27T03:26:49Z" data-provider="fillFields" finished-at="2018-12-27T03:27:35Z">
          <params>
            <param index="0">
              <value>
                <![CDATA[Certified Business Analysis Professional 
(CBAP®) Certification Training]]>
              </value>
            </param>
            <param index="1">
              <value>
                <![CDATA[Our Certified Business Analysis program led by the industry’s expert with 12 Years of immerse experience, 
students learn fundamentals to integrate appropriate technologies for analysis and development of business processes.

**** No IT Background required, start your first job in IT****
***  Free Demo class on Saturday from 3 PM to 5 PM ***
**   Batch starts in Nov, 2018 in Mississauga  **
*    LIMITED SEATS *

Pragra is providing quick and detailed course for trending career option “Business Analyst”. Course encircles complete understanding of Business
Analysis- no matter which back ground you from. Here, we provide fully job-oriented training with the simulation of the real work environment.
We promise to support you and push you to learn, grow and become what you’ve always wanted to be.

WHY THIS PROGRAM
IT is one of the fastest growing careers in today’s economy. PRAGRA programs were designed to help learners develop the skills and professional
network needed to capitalize on the demand for 182,000 ICT workers in Canada by 2019, with ICTC predicting that the most in-demand roles will 
include Business Analyst, Software Developers Scrum Master, Agile team Lead.

FEATURES
> Pass the IIBA-CBAP® exam and Understand Business Analysis Key Concepts
> Understand the Business Analysis Core Concept Model
> As per knowledge areas of BABOK® Guide Version 3
> Case Studies: allow you to explore practical situations in a structured learning environment.
> Industry Project: As part of a small consulting team, you'll tackle a real business problem with a client company.
> Guide practices related to 30 business analysis tasks in six knowledge areas
> Understand 50 business analysis tools and techniques
> Understand the five business analysis perspectives: Agile, Business Intelligence, Information Technology, Business Architecture and Business 
Process Management
> Setup and handle projects on a JIRA cloud site
> Apply best practices crucial for getting the maximum value from the Scrum methodology
> Create sound business arguments, using financial and cost analysis to justify any process change.

LINK: https://pragra.co/learning/business-analysis

BENEFITS
Benefit from a wide range of career services to position you for success through graduation and beyond. Part Time Study, weekend in person + weekday 
online classes, while maintaining your work schedule.
The Agile Scrum Master certification course is best suited for:
> Team Leaders
> Aspiring business analysts with over seven to ten years of experience
> Senior Analysis Professionals and Project Managers
> Members of Scrum teams such as developers, Scrum Masters, and product owners
> Teams transitioning to Scrum

CAREER SERVICES
Co-Op Trainings and Certification, Resume Creation and highlighting your skills. Creation of portfolio of Business Analyst to showcase your knowledge. 
**The material covered in this program is subject to change due to market demand.

ASPECTS
> Study part-time, three days a week, while maintaining your work schedule.
> Benefit from a wide range of career services to position you for success through program completion and beyond.
> Develop UML, tables and presentation slides that present findings in a compelling manner.
> Prepare formal reports that communicate key findings and recommendations to decision makers.
> We refund your fees if you think program was not worth to attend at the end of month. 

DURATION: 8 Weeks training. 

INFO:
This program is offered by highly qualified consultants of PRAGRA: 
https://www.pragra.co, Contact the team for detailed curriculum at: +1 (416) 910-8340, +1 (647)-343-5453, info@pragra.co

Keywords: IT Jobs, Jobs, IT trainings, IT Training, Computer training Programs, Free programs, Free training , Free Learning, BA Jobs, BA Training, CBAP
certification, Agile Training , Free Agile Training, Business Analyst Jobs, PMP Certification, PMP, Project Management Professional, Project Management
Training, Project Management Institute, PMI, CAPM Certification, BA Training, Business Analysis Certification, Business Analysis, CBAP, Certified Business
Analysis Professional, CCBA Training, CBAP Certification, IIBA, International Institute of Business Analysis, Mississauga PMP Training, Brampton PMP
Training, Toronto PMP Training, Mississauga CBAP Training, Brampton CBAP Training, Toronto CBAP Training, Business Analysis Training, Pragra PMP 
Training, Pragra CBAP Training, Pragra Business Analysis Training
]]>
              </value>
            </param>
            <param index="2">
              <value>
                <![CDATA[L6S]]>
              </value>
            </param>
          </params>
          <reporter-output>
          </reporter-output>
        </test-method> <!-- clickFreeRadioBtn -->
        <test-method status="PASS" signature="setUp()[pri:0, instance:upload_advertisment_testcases.AdDetailsTest@2a5ca609]" name="setUp" is-config="true" duration-ms="45269" started-at="2018-12-27T03:27:35Z" finished-at="2018-12-27T03:28:21Z">
          <reporter-output>
          </reporter-output>
        </test-method> <!-- setUp -->
        <test-method status="PASS" signature="clickFreeRadioBtn(java.lang.String, java.lang.String, java.lang.String)[pri:0, instance:upload_advertisment_testcases.AdDetailsTest@2a5ca609]" name="clickFreeRadioBtn" duration-ms="21510" started-at="2018-12-27T03:28:21Z" data-provider="fillFields" finished-at="2018-12-27T03:28:42Z">
          <params>
            <param index="0">
              <value>
                <![CDATA[Start your career in DevOps/IT]]>
              </value>
            </param>
            <param index="1">
              <value>
                <![CDATA[Our program will provide you a kick start for your career as DevOps Engineer, the domain which is capturing market so quickly and 
fixing the gap between developer and operational engineer. This training covers fundamentals, including managing group settings 
and customizing tasks, to more in-depth material such as deploying a private cloud. If you aspire to be a DevOps Engineer or want
 to expand your existing skill set, this is the training for you. You will master configuration management; continuous integration 
deployment, delivery and monitoring using DevOps tools such as Git, Docker, Jenkins, Puppet and Nagios in a practical, hands on 
and interactive approach. 
*** Self Paced Training with Assignments and Project Hands-On ***
*** Free Demo class on Sunday from 10 AM to 2 PM ***
*** Batch starts in November 2018 in Mississauga *** 
*** Get Certified with Lifetime Access *** 
*** Job Assistance with Career Services *** 

DURATION: 12 Weeks training. 
Build Tools: Maven CI 
Testing : JUnit 
Version Management: GIT Configuration 
Tools: Docker, Minikube, Chef, Puppet, Ansible 

ASPECTS 
> Study part-time, two days a week, while maintaining your work schedule.
> Program tailored for people who are new to IT field or want to progress towards DevOps. 
> Benefit from a wide range of career services to position you for success through program completion and beyond. 

CAREER SERVICES 
> Co-Op Trainings and Certification, Resume Creation and highlighting your skills.
> Creation of portfolio of DevOps Engineer to showcase your knowledge. 

ROADMAP 
> After successful completion of this workshop one will continue further with professional program advance their knowledge. 
> These courses act as foundation for the students who like to pursue their career in cloud IT or DevOps field.

INFO: This program is offered by highly qualified consultants of PRAGRA: https://www.pragra.co, Contact the team for detailed curriculum at: (647)-343-5453, info@pragra.co 

Keywords: DevOps Jobs, Dev Ops, Ansible, Infra Jobs, IT Jobs, QA Jobs , Computer Jobs, Technician, Network Engineer, Engineering Jobs, Sysadmin, DevOps engineer 

TRANSFORM CAREER TRANSFORM LIFE]]>
              </value>
            </param>
            <param index="2">
              <value>
                <![CDATA[L5M]]>
              </value>
            </param>
          </params>
          <reporter-output>
          </reporter-output>
        </test-method> <!-- clickFreeRadioBtn -->
        <test-method status="PASS" signature="tearDown()[pri:0, instance:upload_advertisment_testcases.AdDetailsTest@2a5ca609]" name="tearDown" is-config="true" duration-ms="792" started-at="2018-12-27T03:28:42Z" finished-at="2018-12-27T03:28:43Z">
          <reporter-output>
          </reporter-output>
        </test-method> <!-- tearDown -->
      </class> <!-- upload_advertisment_testcases.AdDetailsTest -->
    </test> <!-- Default test -->
  </suite> <!-- Default suite -->
</testng-results>
